[debug] [2026-01-01T07:10:46.788Z] ----------------------------------------------------------------------
[debug] [2026-01-01T07:10:46.791Z] Command:       C:\Program Files\nodejs\node.exe C:\Users\ASUS\AppData\Roaming\npm\node_modules\firebase-tools\lib\bin\firebase.js init
[debug] [2026-01-01T07:10:46.791Z] CLI Version:   15.1.0
[debug] [2026-01-01T07:10:46.791Z] Platform:      win32
[debug] [2026-01-01T07:10:46.791Z] Node Version:  v24.12.0
[debug] [2026-01-01T07:10:46.792Z] Time:          Thu Jan 01 2026 12:40:46 GMT+0530 (India Standard Time)
[debug] [2026-01-01T07:10:46.792Z] ----------------------------------------------------------------------
[debug] 
[info] 
     ######## #### ########  ######## ########     ###     ######  ########
     ##        ##  ##     ## ##       ##     ##  ##   ##  ##       ##
     ######    ##  ########  ######   ########  #########  ######  ######
     ##        ##  ##    ##  ##       ##     ## ##     ##       ## ##
     ##       #### ##     ## ######## ########  ##     ##  ######  ########

You're about to initialize a Firebase project in this directory:

  F:\omnigate-hospital\omnigate-hospital

[info] 
=== Project Setup
[info] 
[info] First, let's associate this project directory with a Firebase project.
[info] You can create multiple project aliases by running firebase use --add, 
[info] 
[debug] [2026-01-01T07:11:11.532Z] > command requires scopes: ["email","openid","https://www.googleapis.com/auth/cloudplatformprojects.readonly","https://www.googleapis.com/auth/firebase","https://www.googleapis.com/auth/cloud-platform"]
[debug] [2026-01-01T07:11:11.533Z] > authorizing via signed-in user (harshit21parmar@gmail.com)
[debug] [2026-01-01T07:11:11.534Z] Checked if tokens are valid: false, expires at: 1767205377254
[debug] [2026-01-01T07:11:11.534Z] Checked if tokens are valid: false, expires at: 1767205377254
[debug] [2026-01-01T07:11:11.534Z] > refreshing access token with scopes: []
[debug] [2026-01-01T07:11:11.536Z] >>> [apiv2][query] POST https://www.googleapis.com/oauth2/v3/token [none]
[debug] [2026-01-01T07:11:11.536Z] >>> [apiv2][body] POST https://www.googleapis.com/oauth2/v3/token [omitted]
[debug] [2026-01-01T07:11:11.968Z] <<< [apiv2][status] POST https://www.googleapis.com/oauth2/v3/token 200
[debug] [2026-01-01T07:11:11.968Z] <<< [apiv2][body] POST https://www.googleapis.com/oauth2/v3/token [omitted]
[debug] [2026-01-01T07:11:11.977Z] >>> [apiv2][query] GET https://firebase.googleapis.com/v1beta1/availableProjects pageSize=100
[debug] [2026-01-01T07:11:13.075Z] <<< [apiv2][status] GET https://firebase.googleapis.com/v1beta1/availableProjects 200
[debug] [2026-01-01T07:11:13.075Z] <<< [apiv2][body] GET https://firebase.googleapis.com/v1beta1/availableProjects [omitted]
[debug] [2026-01-01T07:11:32.769Z] Checked if tokens are valid: true, expires at: 1767255070968
[debug] [2026-01-01T07:11:32.770Z] Checked if tokens are valid: true, expires at: 1767255070968
[debug] [2026-01-01T07:11:32.770Z] >>> [apiv2][query] POST https://firebase.googleapis.com/v1beta1/projects/speedy-web-380610:addFirebase [none]
[debug] [2026-01-01T07:11:34.763Z] <<< [apiv2][status] POST https://firebase.googleapis.com/v1beta1/projects/speedy-web-380610:addFirebase 200
[debug] [2026-01-01T07:11:34.763Z] <<< [apiv2][body] POST https://firebase.googleapis.com/v1beta1/projects/speedy-web-380610:addFirebase {"name":"operations/workflows/OGMzYTQ1ZjktYzAyZS00NjQ4LWI3YzktN2NkOWY5ZWUzY2Ew"}
[debug] [2026-01-01T07:11:34.764Z] Checked if tokens are valid: true, expires at: 1767255070968
[debug] [2026-01-01T07:11:34.764Z] Checked if tokens are valid: true, expires at: 1767255070968
[debug] [2026-01-01T07:11:34.764Z] >>> [apiv2][query] GET https://firebase.googleapis.com/v1beta1/operations/workflows/OGMzYTQ1ZjktYzAyZS00NjQ4LWI3YzktN2NkOWY5ZWUzY2Ew [none]
[debug] [2026-01-01T07:11:37.255Z] <<< [apiv2][status] GET https://firebase.googleapis.com/v1beta1/operations/workflows/OGMzYTQ1ZjktYzAyZS00NjQ4LWI3YzktN2NkOWY5ZWUzY2Ew 200
[debug] [2026-01-01T07:11:37.255Z] <<< [apiv2][body] GET https://firebase.googleapis.com/v1beta1/operations/workflows/OGMzYTQ1ZjktYzAyZS00NjQ4LWI3YzktN2NkOWY5ZWUzY2Ew {"name":"operations/workflows/OGMzYTQ1ZjktYzAyZS00NjQ4LWI3YzktN2NkOWY5ZWUzY2Ew"}
[debug] [2026-01-01T07:11:37.757Z] [Add Firebase Poller] Retrying task index 0
[debug] [2026-01-01T07:11:37.757Z] Checked if tokens are valid: true, expires at: 1767255070968
[debug] [2026-01-01T07:11:37.757Z] Checked if tokens are valid: true, expires at: 1767255070968
[debug] [2026-01-01T07:11:37.757Z] >>> [apiv2][query] GET https://firebase.googleapis.com/v1beta1/operations/workflows/OGMzYTQ1ZjktYzAyZS00NjQ4LWI3YzktN2NkOWY5ZWUzY2Ew [none]
[debug] [2026-01-01T07:11:38.312Z] <<< [apiv2][status] GET https://firebase.googleapis.com/v1beta1/operations/workflows/OGMzYTQ1ZjktYzAyZS00NjQ4LWI3YzktN2NkOWY5ZWUzY2Ew 200
[debug] [2026-01-01T07:11:38.312Z] <<< [apiv2][body] GET https://firebase.googleapis.com/v1beta1/operations/workflows/OGMzYTQ1ZjktYzAyZS00NjQ4LWI3YzktN2NkOWY5ZWUzY2Ew {"name":"operations/workflows/OGMzYTQ1ZjktYzAyZS00NjQ4LWI3YzktN2NkOWY5ZWUzY2Ew"}
[debug] [2026-01-01T07:11:39.317Z] [Add Firebase Poller] Retrying task index 0
[debug] [2026-01-01T07:11:39.317Z] Checked if tokens are valid: true, expires at: 1767255070968
[debug] [2026-01-01T07:11:39.317Z] Checked if tokens are valid: true, expires at: 1767255070968
[debug] [2026-01-01T07:11:39.318Z] >>> [apiv2][query] GET https://firebase.googleapis.com/v1beta1/operations/workflows/OGMzYTQ1ZjktYzAyZS00NjQ4LWI3YzktN2NkOWY5ZWUzY2Ew [none]
[debug] [2026-01-01T07:11:39.837Z] <<< [apiv2][status] GET https://firebase.googleapis.com/v1beta1/operations/workflows/OGMzYTQ1ZjktYzAyZS00NjQ4LWI3YzktN2NkOWY5ZWUzY2Ew 200
[debug] [2026-01-01T07:11:39.837Z] <<< [apiv2][body] GET https://firebase.googleapis.com/v1beta1/operations/workflows/OGMzYTQ1ZjktYzAyZS00NjQ4LWI3YzktN2NkOWY5ZWUzY2Ew {"name":"operations/workflows/OGMzYTQ1ZjktYzAyZS00NjQ4LWI3YzktN2NkOWY5ZWUzY2Ew"}
[debug] [2026-01-01T07:11:41.845Z] [Add Firebase Poller] Retrying task index 0
[debug] [2026-01-01T07:11:41.846Z] Checked if tokens are valid: true, expires at: 1767255070968
[debug] [2026-01-01T07:11:41.846Z] Checked if tokens are valid: true, expires at: 1767255070968
[debug] [2026-01-01T07:11:41.846Z] >>> [apiv2][query] GET https://firebase.googleapis.com/v1beta1/operations/workflows/OGMzYTQ1ZjktYzAyZS00NjQ4LWI3YzktN2NkOWY5ZWUzY2Ew [none]
[debug] [2026-01-01T07:11:42.454Z] <<< [apiv2][status] GET https://firebase.googleapis.com/v1beta1/operations/workflows/OGMzYTQ1ZjktYzAyZS00NjQ4LWI3YzktN2NkOWY5ZWUzY2Ew 200
[debug] [2026-01-01T07:11:42.454Z] <<< [apiv2][body] GET https://firebase.googleapis.com/v1beta1/operations/workflows/OGMzYTQ1ZjktYzAyZS00NjQ4LWI3YzktN2NkOWY5ZWUzY2Ew {"name":"operations/workflows/OGMzYTQ1ZjktYzAyZS00NjQ4LWI3YzktN2NkOWY5ZWUzY2Ew","done":true,"response":{"@type":"type.googleapis.com/google.firebase.service.v1beta1.FirebaseProject","projectId":"speedy-web-380610","projectNumber":"177273282637","displayName":"My First Project","name":"projects/speedy-web-380610","resources":{"hostingSite":"speedy-web-380610"}}}
[info] 
[info] === Your Firebase project is ready! ===
[info] 
[info] Project information:
[info]    - Project ID: speedy-web-380610
[info]    - Project Name: My First Project
[info] 
[info] Firebase console is available at
[info] https://console.firebase.google.com/project/speedy-web-380610/overview
[info] 
=== Dataconnect Setup
[info] i  dataconnect: ensuring required API firebasedataconnect.googleapis.com is enabled... 
[debug] [2026-01-01T07:11:42.465Z] Checked if tokens are valid: true, expires at: 1767255070968
[debug] [2026-01-01T07:11:42.465Z] Checked if tokens are valid: true, expires at: 1767255070968
[info] i  dataconnect: ensuring required API sqladmin.googleapis.com is enabled... 
[debug] [2026-01-01T07:11:42.466Z] Checked if tokens are valid: true, expires at: 1767255070968
[debug] [2026-01-01T07:11:42.466Z] Checked if tokens are valid: true, expires at: 1767255070968
[debug] [2026-01-01T07:11:42.466Z] >>> [apiv2][query] GET https://serviceusage.googleapis.com/v1/projects/speedy-web-380610/services/firebasedataconnect.googleapis.com [none]
[debug] [2026-01-01T07:11:42.466Z] >>> [apiv2][(partial)header] GET https://serviceusage.googleapis.com/v1/projects/speedy-web-380610/services/firebasedataconnect.googleapis.com x-goog-quota-user=projects/speedy-web-380610
[debug] [2026-01-01T07:11:42.469Z] >>> [apiv2][query] GET https://serviceusage.googleapis.com/v1/projects/speedy-web-380610/services/sqladmin.googleapis.com [none]
[debug] [2026-01-01T07:11:42.469Z] >>> [apiv2][(partial)header] GET https://serviceusage.googleapis.com/v1/projects/speedy-web-380610/services/sqladmin.googleapis.com x-goog-quota-user=projects/speedy-web-380610
[debug] [2026-01-01T07:11:44.159Z] <<< [apiv2][status] GET https://serviceusage.googleapis.com/v1/projects/speedy-web-380610/services/sqladmin.googleapis.com 200
[debug] [2026-01-01T07:11:44.159Z] <<< [apiv2][body] GET https://serviceusage.googleapis.com/v1/projects/speedy-web-380610/services/sqladmin.googleapis.com [omitted]
[warn] !  dataconnect: missing required API sqladmin.googleapis.com. Enabling now... 
[debug] [2026-01-01T07:11:44.160Z] Checked if tokens are valid: true, expires at: 1767255070968
[debug] [2026-01-01T07:11:44.160Z] Checked if tokens are valid: true, expires at: 1767255070968
[debug] [2026-01-01T07:11:44.160Z] >>> [apiv2][query] POST https://serviceusage.googleapis.com/v1/projects/speedy-web-380610/services/sqladmin.googleapis.com:enable [none]
[debug] [2026-01-01T07:11:44.160Z] >>> [apiv2][(partial)header] POST https://serviceusage.googleapis.com/v1/projects/speedy-web-380610/services/sqladmin.googleapis.com:enable x-goog-quota-user=projects/speedy-web-380610
[debug] [2026-01-01T07:11:44.170Z] <<< [apiv2][status] GET https://serviceusage.googleapis.com/v1/projects/speedy-web-380610/services/firebasedataconnect.googleapis.com 200
[debug] [2026-01-01T07:11:44.170Z] <<< [apiv2][body] GET https://serviceusage.googleapis.com/v1/projects/speedy-web-380610/services/firebasedataconnect.googleapis.com [omitted]
[warn] !  dataconnect: missing required API firebasedataconnect.googleapis.com. Enabling now... 
[debug] [2026-01-01T07:11:44.171Z] Checked if tokens are valid: true, expires at: 1767255070968
[debug] [2026-01-01T07:11:44.171Z] Checked if tokens are valid: true, expires at: 1767255070968
[debug] [2026-01-01T07:11:44.171Z] >>> [apiv2][query] POST https://serviceusage.googleapis.com/v1/projects/speedy-web-380610/services/firebasedataconnect.googleapis.com:enable [none]
[debug] [2026-01-01T07:11:44.171Z] >>> [apiv2][(partial)header] POST https://serviceusage.googleapis.com/v1/projects/speedy-web-380610/services/firebasedataconnect.googleapis.com:enable x-goog-quota-user=projects/speedy-web-380610
[debug] [2026-01-01T07:11:45.790Z] <<< [apiv2][status] POST https://serviceusage.googleapis.com/v1/projects/speedy-web-380610/services/firebasedataconnect.googleapis.com:enable 200
[debug] [2026-01-01T07:11:45.790Z] <<< [apiv2][body] POST https://serviceusage.googleapis.com/v1/projects/speedy-web-380610/services/firebasedataconnect.googleapis.com:enable [omitted]
[debug] [2026-01-01T07:11:45.868Z] <<< [apiv2][status] POST https://serviceusage.googleapis.com/v1/projects/speedy-web-380610/services/sqladmin.googleapis.com:enable 200
[debug] [2026-01-01T07:11:45.868Z] <<< [apiv2][body] POST https://serviceusage.googleapis.com/v1/projects/speedy-web-380610/services/sqladmin.googleapis.com:enable [omitted]
[debug] [2026-01-01T07:11:55.887Z] Checked if tokens are valid: true, expires at: 1767255070968
[debug] [2026-01-01T07:11:55.887Z] Checked if tokens are valid: true, expires at: 1767255070968
[debug] [2026-01-01T07:11:55.887Z] >>> [apiv2][query] GET https://firebasedataconnect.googleapis.com/v1/projects/speedy-web-380610/locations/-/services [none]
[debug] [2026-01-01T07:11:57.946Z] <<< [apiv2][status] GET https://firebasedataconnect.googleapis.com/v1/projects/speedy-web-380610/locations/-/services 200
[debug] [2026-01-01T07:11:57.946Z] <<< [apiv2][body] GET https://firebasedataconnect.googleapis.com/v1/projects/speedy-web-380610/locations/-/services {}
[debug] [2026-01-01T07:43:38.552Z] ExitPromptError: User force closed the prompt with SIGINT
    at Interface.sigint (C:\Users\ASUS\AppData\Roaming\npm\node_modules\firebase-tools\node_modules\@inquirer\core\dist\commonjs\lib\create-prompt.js:101:37)
    at Interface.emit (node:events:508:28)
    at [_ttyWrite] [as _ttyWrite] (node:internal/readline/interface:1327:18)
    at ReadStream.onkeypress (node:internal/readline/interface:284:20)
    at ReadStream.emit (node:events:520:35)
    at emitKeys (node:internal/readline/utils:371:14)
    at emitKeys.next (<anonymous>)
    at ReadStream.onData (node:internal/readline/emitKeypressEvents:64:36)
    at ReadStream.emit (node:events:508:28)
    at addChunk (node:internal/streams/readable:559:12)
[error] 
[error] Error: An unexpected error has occurred.
